<?xml version="1.0" encoding="UTF-8"?>
<testng-results skipped="0" failed="0" ignored="0" total="1" passed="1">
  <reporter-output>
  </reporter-output>
  <suite name="Default suite" duration-ms="7331" started-at="2020-06-02T02:27:18Z" finished-at="2020-06-02T02:27:25Z">
    <groups>
    </groups>
    <test name="Default test" duration-ms="7331" started-at="2020-06-02T02:27:18Z" finished-at="2020-06-02T02:27:25Z">
      <class name="com.example.ForumTplApplicationTests">
        <test-method status="PASS" signature="springTestContextBeforeTestClass()[pri:0, instance:com.example.ForumTplApplicationTests@17fc391b]" name="springTestContextBeforeTestClass" is-config="true" duration-ms="11" started-at="2020-06-02T02:27:18Z" finished-at="2020-06-02T02:27:18Z">
          <reporter-output>
          </reporter-output>
        </test-method> <!-- springTestContextBeforeTestClass -->
        <test-method status="PASS" signature="springTestContextPrepareTestInstance()[pri:0, instance:com.example.ForumTplApplicationTests@17fc391b]" name="springTestContextPrepareTestInstance" is-config="true" duration-ms="6990" started-at="2020-06-02T02:27:18Z" depends-on-methods="org.springframework.test.context.testng.AbstractTestNGSpringContextTests.springTestContextBeforeTestClass" finished-at="2020-06-02T02:27:25Z">
          <reporter-output>
          </reporter-output>
        </test-method> <!-- springTestContextPrepareTestInstance -->
        <test-method status="PASS" signature="setup()[pri:0, instance:com.example.ForumTplApplicationTests@17fc391b]" name="setup" is-config="true" duration-ms="26" started-at="2020-06-02T02:27:25Z" finished-at="2020-06-02T02:27:25Z">
          <reporter-output>
          </reporter-output>
        </test-method> <!-- setup -->
        <test-method status="PASS" signature="springTestContextBeforeTestMethod(java.lang.reflect.Method)[pri:0, instance:com.example.ForumTplApplicationTests@17fc391b]" name="springTestContextBeforeTestMethod" is-config="true" duration-ms="2" started-at="2020-06-02T02:27:25Z" finished-at="2020-06-02T02:27:25Z">
          <params>
            <param index="0">
              <value>
                <![CDATA[public void com.example.ForumTplApplicationTests.testByYaml() throws java.lang.Exception]]>
              </value>
            </param>
          </params>
          <reporter-output>
          </reporter-output>
        </test-method> <!-- springTestContextBeforeTestMethod -->
        <test-method status="PASS" signature="testByYaml()[pri:0, instance:com.example.ForumTplApplicationTests@17fc391b]" name="testByYaml" duration-ms="283" started-at="2020-06-02T02:27:25Z" finished-at="2020-06-02T02:27:25Z">
          <reporter-output>
          </reporter-output>
        </test-method> <!-- testByYaml -->
        <test-method status="PASS" signature="springTestContextAfterTestMethod(java.lang.reflect.Method)[pri:0, instance:com.example.ForumTplApplicationTests@17fc391b]" name="springTestContextAfterTestMethod" is-config="true" duration-ms="2" started-at="2020-06-02T02:27:25Z" finished-at="2020-06-02T02:27:25Z">
          <params>
            <param index="0">
              <value>
                <![CDATA[public void com.example.ForumTplApplicationTests.testByYaml() throws java.lang.Exception]]>
              </value>
            </param>
          </params>
          <reporter-output>
          </reporter-output>
        </test-method> <!-- springTestContextAfterTestMethod -->
        <test-method status="PASS" signature="springTestContextAfterTestClass()[pri:0, instance:com.example.ForumTplApplicationTests@17fc391b]" name="springTestContextAfterTestClass" is-config="true" duration-ms="0" started-at="2020-06-02T02:27:25Z" finished-at="2020-06-02T02:27:25Z">
          <reporter-output>
          </reporter-output>
        </test-method> <!-- springTestContextAfterTestClass -->
      </class> <!-- com.example.ForumTplApplicationTests -->
    </test> <!-- Default test -->
  </suite> <!-- Default suite -->
</testng-results>
